Turbo Assembler	 Version 4.1	    14-02-16 10:44:34	    Page 1
bvscalls.asm



      1					 .386p
      2	    0000			 model use16 small
      3					 ideal
      4
      5					 end
Turbo Assembler	 Version 4.1	    14-02-16 10:44:34	    Page 2
Symbol Table




Symbol Name			  Type	 Value

??DATE				  Text	 "14-02-16"
??FILENAME			  Text	 "bvscalls"
??TIME				  Text	 "10:44:34"
??VERSION			  Number 0401
@32BIT				  Text	 0
@CODE				  Text	 _TEXT
@CODESIZE			  Text	 0
@CPU				  Text	 0F8FH
@DATA				  Text	 DGROUP
@DATASIZE			  Text	 0
@FILENAME			  Text	 BVSCALLS
@INTERFACE			  Text	 00H
@MODEL				  Text	 2
@STACK				  Text	 DGROUP
@WORDSIZE			  Text	 4

Groups & Segments		  Bit Size Align  Combine Class

DGROUP				  Group
  _DATA				  16  0000 Word	  Public  DATA
_TEXT				  16  0000 Word	  Public  CODE
